#
# A fatal error has been detected by the Java Runtime Environment:
#
#  EXCEPTION_ACCESS_VIOLATION (0xc0000005) at pc=0x0000000072938f45, pid=11468, tid=10640
#
# JRE version: Java(TM) SE Runtime Environment (8.0_91-b14) (build 1.8.0_91-b14)
# Java VM: Java HotSpot(TM) 64-Bit Server VM (25.91-b14 mixed mode windows-amd64 compressed oops)
# Problematic frame:
# V  [jvm.dll+0x128f45]
#
# Failed to write core dump. Minidumps are not enabled by default on client versions of Windows
#
# If you would like to submit a bug report, please visit:
#   http://bugreport.java.com/bugreport/crash.jsp
#

---------------  T H R E A D  ---------------

Current thread (0x000000001b44e800):  JavaThread "JDWP Transport Listener: dt_socket" daemon [_thread_in_vm, id=10640, stack(0x000000001ba40000,0x000000001bb40000)]

siginfo: ExceptionCode=0xc0000005, reading address 0x0000003200000001

Registers:
RAX=0x000000001bb3f101, RBX=0x000000001b44e800, RCX=0x0000003200000001, RDX=0x0000000000000000
RSP=0x000000001bb3f0c0, RBP=0x0000003200000001, RSI=0x000000001bb3f1d8, RDI=0x0000000002d98340
R8 =0x000000001b44e800, R9 =0x0000000000000000, R10=0x0000000000000000, R11=0x0000000000000064
R12=0x0000000000000000, R13=0x000000001b456818, R14=0x0000000000000000, R15=0x0000000000000000
RIP=0x0000000072938f45, EFLAGS=0x0000000000010202

Top of Stack: (sp=0x000000001bb3f0c0)
0x000000001bb3f0c0:   000000001b44e800 000000001b44e800
0x000000001bb3f0d0:   000000001bb3f188 0000000072b3f32b
0x000000001bb3f0e0:   000000001b44e800 0000000072b5bb8d
0x000000001bb3f0f0:   0000000000000000 0000000073309155
0x000000001bb3f100:   000000001b52c120 000000007331291e
0x000000001bb3f110:   000000001b44e800 0000000000000000
0x000000001bb3f120:   0000000000000000 0000000000000000
0x000000001bb3f130:   0000003200000001 0000000073311a15
0x000000001bb3f140:   000000001bb3f1d8 000000001bb3f1b0
0x000000001bb3f150:   0000000000000001 000000001b52c120
0x000000001bb3f160:   0000003200000001 00000000732f53b3
0x000000001bb3f170:   000000001bb3f2a0 0000000000000001
0x000000001bb3f180:   0000000000000001 000000001b52c120
0x000000001bb3f190:   0000000000000001 0000000000000000
0x000000001bb3f1a0:   0000000000000000 0000000000000000
0x000000001bb3f1b0:   0000000000000001 00000000732f5571 

Instructions: (pc=0x0000000072938f45)
0x0000000072938f25:   cc cc cc cc cc cc cc cc cc cc cc 48 83 ec 28 48
0x0000000072938f35:   85 c9 75 07 33 c0 48 83 c4 28 c3 48 89 5c 24 20
0x0000000072938f45:   48 8b 19 48 85 db 74 20 48 83 fb 37 74 1a 48 8b
0x0000000072938f55:   13 48 8b cb ff 52 10 84 c0 74 0d 48 8b c3 48 8b 


Register to memory mapping:

RAX=0x000000001bb3f101 is pointing into the stack for thread: 0x000000001b44e800
RBX=0x000000001b44e800 is a thread
RCX=0x0000003200000001 is an unknown value
RDX=0x0000000000000000 is an unknown value
RSP=0x000000001bb3f0c0 is pointing into the stack for thread: 0x000000001b44e800
RBP=0x0000003200000001 is an unknown value
RSI=0x000000001bb3f1d8 is pointing into the stack for thread: 0x000000001b44e800
RDI=0x0000000002d98340 is an unknown value
R8 =0x000000001b44e800 is a thread
R9 =0x0000000000000000 is an unknown value
R10=0x0000000000000000 is an unknown value
R11=0x0000000000000064 is an unknown value
R12=0x0000000000000000 is an unknown value
R13=0x000000001b456818 is an unknown value
R14=0x0000000000000000 is an unknown value
R15=0x0000000000000000 is an unknown value


Stack: [0x000000001ba40000,0x000000001bb40000],  sp=0x000000001bb3f0c0,  free space=1020k
Native frames: (J=compiled Java code, j=interpreted, Vv=VM code, C=native code)
V  [jvm.dll+0x128f45]
V  [jvm.dll+0x34bb8d]
C  [jdwp.dll+0x21a15]
C  [jdwp.dll+0x53b3]
C  [jdwp.dll+0x5571]
C  [jdwp.dll+0xf0a8]
C  [jdwp.dll+0x1f2d5]
C  [jdwp.dll+0x1f4aa]
V  [jvm.dll+0x1bbf38]
V  [jvm.dll+0x243ae4]
V  [jvm.dll+0x29a99a]
C  [msvcr100.dll+0x21d9f]
C  [msvcr100.dll+0x21e3b]
C  [KERNEL32.DLL+0x18102]
C  [ntdll.dll+0x5c5b4]


---------------  P R O C E S S  ---------------

Java Threads: ( => current thread )
  0x000000001b4f3800 JavaThread "Service Thread" daemon [_thread_blocked, id=5916, stack(0x000000001c040000,0x000000001c140000)]
  0x000000001b4c0800 JavaThread "C1 CompilerThread2" daemon [_thread_blocked, id=11804, stack(0x000000001bf40000,0x000000001c040000)]
  0x000000001b46f000 JavaThread "C2 CompilerThread1" daemon [_thread_blocked, id=9788, stack(0x000000001be40000,0x000000001bf40000)]
  0x000000001b46b000 JavaThread "C2 CompilerThread0" daemon [_thread_blocked, id=11472, stack(0x000000001bd40000,0x000000001be40000)]
  0x000000001b45c800 JavaThread "JDWP Command Reader" daemon [_thread_in_native, id=1048, stack(0x000000001bc40000,0x000000001bd40000)]
  0x000000001b459000 JavaThread "JDWP Event Helper Thread" daemon [_thread_blocked, id=1264, stack(0x000000001bb40000,0x000000001bc40000)]
=>0x000000001b44e800 JavaThread "JDWP Transport Listener: dt_socket" daemon [_thread_in_vm, id=10640, stack(0x000000001ba40000,0x000000001bb40000)]
  0x000000001a0ea000 JavaThread "Attach Listener" daemon [_thread_blocked, id=10836, stack(0x000000001b940000,0x000000001ba40000)]
  0x000000001b448800 JavaThread "Signal Dispatcher" daemon [_thread_blocked, id=12468, stack(0x000000001b840000,0x000000001b940000)]
  0x000000001a07a800 JavaThread "Finalizer" daemon [_thread_blocked, id=15060, stack(0x000000001b2e0000,0x000000001b3e0000)]
  0x0000000003230000 JavaThread "Reference Handler" daemon [_thread_blocked, id=7404, stack(0x000000001b1e0000,0x000000001b2e0000)]
  0x0000000002d9d800 JavaThread "main" [_thread_in_native, id=7632, stack(0x0000000002c00000,0x0000000002d00000)]

Other Threads:
  0x000000001a057800 VMThread [stack: 0x000000001b0e0000,0x000000001b1e0000] [id=9972]
  0x000000001b51c000 WatcherThread [stack: 0x000000001c140000,0x000000001c240000] [id=8276]

VM state:not at safepoint (normal execution)

VM Mutex/Monitor currently owned by a thread: None

Heap:
 PSYoungGen      total 56320K, used 3891K [0x0000000781d80000, 0x0000000785c00000, 0x00000007c0000000)
  eden space 48640K, 8% used [0x0000000781d80000,0x000000078214cd00,0x0000000784d00000)
  from space 7680K, 0% used [0x0000000785480000,0x0000000785480000,0x0000000785c00000)
  to   space 7680K, 0% used [0x0000000784d00000,0x0000000784d00000,0x0000000785480000)
 ParOldGen       total 128512K, used 0K [0x0000000705800000, 0x000000070d580000, 0x0000000781d80000)
  object space 128512K, 0% used [0x0000000705800000,0x0000000705800000,0x000000070d580000)
 Metaspace       used 3657K, capacity 4680K, committed 4864K, reserved 1056768K
  class space    used 408K, capacity 432K, committed 512K, reserved 1048576K

Card table byte_map: [0x0000000012600000,0x0000000012be0000] byte_map_base: 0x000000000edd4000

Marking Bits: (ParMarkBitMap*) 0x0000000073022f70
 Begin Bits: [0x00000000133d0000, 0x0000000016270000)
 End Bits:   [0x0000000016270000, 0x0000000019110000)

Polling page: 0x0000000002d00000

CodeCache: size=245760Kb used=1175Kb max_used=1175Kb free=244584Kb
 bounds [0x0000000003240000, 0x00000000034b0000, 0x0000000012240000]
 total_blobs=306 nmethods=69 adapters=158
 compilation: enabled

Compilation events (10 events):
Event: 3.446 Thread 0x000000001b4c0800   65       3       java.util.regex.Pattern::peek (26 bytes)
Event: 3.447 Thread 0x000000001b4c0800 nmethod 65 0x0000000003364d10 code [0x0000000003364e80, 0x0000000003365148]
Event: 3.448 Thread 0x000000001b4c0800   66       3       java.lang.Character::isBmpCodePoint (13 bytes)
Event: 3.449 Thread 0x000000001b4c0800 nmethod 66 0x0000000003365290 code [0x00000000033653e0, 0x0000000003365570]
Event: 3.449 Thread 0x000000001b4c0800   67       3       java.util.regex.Pattern::next (33 bytes)
Event: 3.450 Thread 0x000000001b4c0800 nmethod 67 0x00000000033655d0 code [0x0000000003365740, 0x0000000003365a28]
Event: 3.450 Thread 0x000000001b4c0800   68       1       java.util.regex.Pattern::flags (5 bytes)
Event: 3.450 Thread 0x000000001b4c0800 nmethod 68 0x0000000003365b50 code [0x0000000003365ca0, 0x0000000003365db0]
Event: 46.729 Thread 0x000000001b4c0800   69       1       java.nio.Buffer::position (5 bytes)
Event: 46.730 Thread 0x000000001b4c0800 nmethod 69 0x0000000003365e10 code [0x0000000003365f60, 0x0000000003366070]

GC Heap History (0 events):
No events

Deoptimization events (0 events):
No events

Internal exceptions (7 events):
Event: 0.151 Thread 0x0000000002d9d800 Exception <a 'java/lang/NoSuchMethodError': Method sun.misc.Unsafe.defineClass(Ljava/lang/String;[BII)Ljava/lang/Class; name or signature does not match> (0x0000000781d87cc0) thrown at [C:\re\workspace\8-2-build-windows-amd64-cygwin\jdk8u91\6644\hotspot\srh¨ŸgñOÃ?
Event: 0.151 Thread 0x0000000002d9d800 Exception <a 'java/lang/NoSuchMethodError': Method sun.misc.Unsafe.prefetchRead(Ljava/lang/Object;J)V name or signature does not match> (0x0000000781d87fa8) thrown at [C:\re\workspace\8-2-build-windows-amd64-cygwin\jdk8u91\6644\hotspot\src\share\vm\prims\j[òvr<½è?
Event: 0.773 Thread 0x0000000002d9d800 Exception <a 'java/security/PrivilegedActionException'> (0x0000000781e534a8) thrown at [C:\re\workspace\8-2-build-windows-amd64-cygwin\jdk8u91\6644\hotspot\src\share\vm\prims\jvm.cpp, line 1386]
Event: 0.773 Thread 0x0000000002d9d800 Exception <a 'java/security/PrivilegedActionException'> (0x0000000781e538a0) thrown at [C:\re\workspace\8-2-build-windows-amd64-cygwin\jdk8u91\6644\hotspot\src\share\vm\prims\jvm.cpp, line 1386]
Event: 0.776 Thread 0x0000000002d9d800 Exception <a 'java/security/PrivilegedActionException'> (0x0000000781e56140) thrown at [C:\re\workspace\8-2-build-windows-amd64-cygwin\jdk8u91\6644\hotspot\src\share\vm\prims\jvm.cpp, line 1386]
Event: 0.776 Thread 0x0000000002d9d800 Exception <a 'java/security/PrivilegedActionException'> (0x0000000781e56538) thrown at [C:\re\workspace\8-2-build-windows-amd64-cygwin\jdk8u91\6644\hotspot\src\share\vm\prims\jvm.cpp, line 1386]
Event: 3.451 Thread 0x0000000002d9d800 Exception <a 'java/lang/ArrayIndexOutOfBoundsException'> (0x000000078207ade8) thrown at [C:\re\workspace\8-2-build-windows-amd64-cygwin\jdk8u91\6644\hotspot\src\share\vm\oops\typeArrayKlass.cpp, line 145]

Events (10 events):
Event: 1180.866 Executing VM operation: RedefineClasses
Event: 1180.867 Executing VM operation: RedefineClasses done
Event: 1180.880 Executing VM operation: ChangeBreakpoints
Event: 1180.880 Executing VM operation: ChangeBreakpoints done
Event: 1974.750 Executing VM operation: RedefineClasses
Event: 1974.751 Executing VM operation: RedefineClasses done
Event: 1974.768 Executing VM operation: ChangeBreakpoints
Event: 1974.768 Executing VM operation: ChangeBreakpoints done
Event: 1988.737 Executing VM operation: RedefineClasses
Event: 1988.738 Executing VM operation: RedefineClasses done


Dynamic libraries:
0x00007ff656e60000 - 0x00007ff656e97000 	C:\Java\jdk1.8.0_91\bin\javaw.exe
0x00007ffb95500000 - 0x00007ffb956c1000 	C:\WINDOWS\SYSTEM32\ntdll.dll
0x00007ffb94ba0000 - 0x00007ffb94c4d000 	C:\WINDOWS\system32\KERNEL32.DLL
0x00007ffb92020000 - 0x00007ffb92208000 	C:\WINDOWS\system32\KERNELBASE.dll
0x00007ffb92850000 - 0x00007ffb928f7000 	C:\WINDOWS\system32\ADVAPI32.dll
0x00007ffb94650000 - 0x00007ffb946ed000 	C:\WINDOWS\system32\msvcrt.dll
0x00007ffb949e0000 - 0x00007ffb94a3b000 	C:\WINDOWS\system32\sechost.dll
0x00007ffb94730000 - 0x00007ffb9484c000 	C:\WINDOWS\system32\RPCRT4.dll
0x00007ffb950e0000 - 0x00007ffb95236000 	C:\WINDOWS\system32\USER32.dll
0x00007ffb94850000 - 0x00007ffb949d6000 	C:\WINDOWS\system32\GDI32.dll
0x00007ffb81800000 - 0x00007ffb81a74000 	C:\WINDOWS\WinSxS\amd64_microsoft.windows.common-controls_6595b64144ccf1df_6.0.10586.494_none_a2d8b04ea53e3145\COMCTL32.dll
0x00007ffb92d40000 - 0x00007ffb92fbd000 	C:\WINDOWS\system32\combase.dll
0x00007ffb91fb0000 - 0x00007ffb9201a000 	C:\WINDOWS\system32\bcryptPrimitives.dll
0x00007ffb954c0000 - 0x00007ffb954fb000 	C:\WINDOWS\system32\IMM32.DLL
0x0000000073360000 - 0x0000000073432000 	C:\Java\jdk1.8.0_91\jre\bin\msvcr100.dll
0x0000000072810000 - 0x00000000730a3000 	C:\Java\jdk1.8.0_91\jre\bin\server\jvm.dll
0x00007ffb922c0000 - 0x00007ffb922e3000 	C:\WINDOWS\system32\WINMM.dll
0x00007ffb91910000 - 0x00007ffb9193c000 	C:\WINDOWS\system32\WINMMBASE.dll
0x00007ffb92210000 - 0x00007ffb92253000 	C:\WINDOWS\system32\cfgmgr32.dll
0x00007ffb94590000 - 0x00007ffb94598000 	C:\WINDOWS\system32\PSAPI.DLL
0x00007ffb84a70000 - 0x00007ffb84a79000 	C:\WINDOWS\SYSTEM32\WSOCK32.dll
0x00007ffb94520000 - 0x00007ffb9458b000 	C:\WINDOWS\system32\WS2_32.dll
0x00007ffb83be0000 - 0x00007ffb83bea000 	C:\WINDOWS\SYSTEM32\VERSION.dll
0x0000000072800000 - 0x000000007280f000 	C:\Java\jdk1.8.0_91\jre\bin\verify.dll
0x00000000727d0000 - 0x00000000727f9000 	C:\Java\jdk1.8.0_91\jre\bin\java.dll
0x00000000732f0000 - 0x0000000073325000 	C:\Java\jdk1.8.0_91\jre\bin\jdwp.dll
0x00000000732e0000 - 0x00000000732e8000 	C:\Java\jdk1.8.0_91\jre\bin\npt.dll
0x00000000727b0000 - 0x00000000727c6000 	C:\Java\jdk1.8.0_91\jre\bin\zip.dll
0x00007ffb92fc0000 - 0x00007ffb9451c000 	C:\WINDOWS\system32\SHELL32.dll
0x00007ffb91960000 - 0x00007ffb91fa5000 	C:\WINDOWS\system32\windows.storage.dll
0x00007ffb95080000 - 0x00007ffb950d2000 	C:\WINDOWS\system32\shlwapi.dll
0x00007ffb91950000 - 0x00007ffb9195f000 	C:\WINDOWS\system32\kernel.appcore.dll
0x00007ffb925e0000 - 0x00007ffb92695000 	C:\WINDOWS\system32\shcore.dll
0x00007ffb92570000 - 0x00007ffb925bb000 	C:\WINDOWS\system32\powrprof.dll
0x00007ffb918f0000 - 0x00007ffb91904000 	C:\WINDOWS\system32\profapi.dll
0x00000000732d0000 - 0x00000000732d9000 	C:\Java\jdk1.8.0_91\jre\bin\dt_socket.dll
0x00007ffb81e10000 - 0x00007ffb81e26000 	C:\WINDOWS\system32\napinsp.dll
0x00007ffb81bc0000 - 0x00007ffb81bda000 	C:\WINDOWS\system32\pnrpnsp.dll
0x00007ffb8fc60000 - 0x00007ffb8fc78000 	C:\WINDOWS\system32\NLAapi.dll
0x00007ffb911c0000 - 0x00007ffb9121c000 	C:\WINDOWS\System32\mswsock.dll
0x00007ffb90310000 - 0x00007ffb903ba000 	C:\WINDOWS\SYSTEM32\DNSAPI.dll
0x00007ffb94720000 - 0x00007ffb94728000 	C:\WINDOWS\system32\NSI.dll
0x00007ffb82710000 - 0x00007ffb8271d000 	C:\WINDOWS\System32\winrnr.dll
0x00007ffb81ba0000 - 0x00007ffb81bb5000 	C:\WINDOWS\System32\wshbth.dll
0x00007ffb8b080000 - 0x00007ffb8b0e7000 	C:\WINDOWS\System32\fwpuclnt.dll
0x00007ffb91780000 - 0x00007ffb917a9000 	C:\WINDOWS\SYSTEM32\bcrypt.dll
0x00007ffb84f40000 - 0x00007ffb84f4a000 	C:\Windows\System32\rasadhlp.dll
0x00007ffb84da0000 - 0x00007ffb84f2c000 	C:\WINDOWS\SYSTEM32\dbghelp.dll

VM Arguments:
jvm_args: -agentlib:jdwp=transport=dt_socket,suspend=y,address=localhost:12398 -Dfile.encoding=UTF-8 
java_command: »ªÎª.StringRotation
java_class_path (initial): E:\Users\yingm\git\HHHH\Java\bin;C:\eclipse\plugins\org.junit_4.12.0.v201504281640\junit.jar;C:\eclipse\plugins\org.hamcrest.core_1.3.0.v201303031735.jar
Launcher Type: SUN_STANDARD

Environment Variables:
JAVA_HOME=C:\Java\jdk1.8.0_91
PATH=C:\Java\jdk1.8.0_91\jre\bin;C:/Java/jdk1.8.0_91/bin/../jre/bin/server;C:/Java/jdk1.8.0_91/bin/../jre/bin;C:/Java/jdk1.8.0_91/bin/../jre/lib/amd64;D:\Python27\;D:\Python27\Scripts;C:\WINDOWS\system32;C:\WINDOWS;D:\repository;C:\WINDOWS\System32\Wbem;C:\WINDOWS\System32\WindowsPowerShell\v1.0\;D:\Git\bin;C:\Program Files (x86)\MySQL\MySQL Fabric 1.5 & MySQL Utilities 1.5\;C:\Program Files (x86)\MySQL\MySQL Fabric 1.5 & MySQL Utilities 1.5\Doctrine extensions for PHP\;D:\Go\bin;D:\Go_PATH\bin;D:\MongoDB\Server\3.2\bin;C:\Program Files\MySQL\MySQL Server 5.7\bin;C:\Java\jdk1.8.0_91\bin;C:\Program Files\Intel\WiFi\bin\;C:\Program Files\Common Files\Intel\WirelessCommon\;C:\Users\yingm\AppData\Local\atom\bin;C:\Program Files\Intel\WiFi\bin\;C:\Program Files\Common Files\Intel\WirelessCommon\;C:\eclipse;
USERNAME=yingm
OS=Windows_NT
PROCESSOR_IDENTIFIER=Intel64 Family 6 Model 69 Stepping 1, GenuineIntel



---------------  S Y S T E M  ---------------

OS: Windows 10.0 , 64 bit Build 10586 (10.0.10586.0)

CPU:total 4 (2 cores per cpu, 2 threads per core) family 6 model 69 stepping 1, cmov, cx8, fxsr, mmx, sse, sse2, sse3, ssse3, sse4.1, sse4.2, popcnt, avx, avx2, clmul, erms, lzcnt, ht, tsc, tscinvbit, bmi1, bmi2

Memory: 4k page, physical 12219972k(4583244k free), swap 14827524k(3041044k free)

vm_info: Java HotSpot(TM) 64-Bit Server VM (25.91-b14) for windows-amd64 JRE (1.8.0_91-b14), built on Apr  1 2016 00:58:32 by "java_re" with MS VC++ 10.0 (VS2010)

time: Wed Sep 21 01:26:11 2016
elapsed time: 1989 seconds (0d 0h 33m 9s)

